0 info it worked if it ends with ok
1 verbose cli [ 'C:\\Program Files\\nodejs\\\\node.exe',
1 verbose cli   'C:\\Program Files\\nodejs\\node_modules\\npm\\bin\\npm-cli.js',
1 verbose cli   'publish' ]
2 info using npm@1.4.28
3 info using node@v0.10.36
4 verbose node symlink C:\Program Files\nodejs\\node.exe
5 verbose publish [ '.' ]
6 verbose cache add [ '.', null ]
7 verbose cache add name=undefined spec="." args=[".",null]
8 verbose parsed url { protocol: null,
8 verbose parsed url   slashes: null,
8 verbose parsed url   auth: null,
8 verbose parsed url   host: null,
8 verbose parsed url   port: null,
8 verbose parsed url   hostname: null,
8 verbose parsed url   hash: null,
8 verbose parsed url   search: null,
8 verbose parsed url   query: null,
8 verbose parsed url   pathname: '.',
8 verbose parsed url   path: '.',
8 verbose parsed url   href: '.' }
9 silly lockFile 3a52ce78- .
10 verbose lock . C:\Users\Sander\AppData\Roaming\npm-cache\3a52ce78-.lock
11 verbose tar pack [ 'C:\\Users\\Sander\\AppData\\Roaming\\npm-cache\\2captcha\\0.0.1\\package.tgz',
11 verbose tar pack   '.' ]
12 verbose tarball C:\Users\Sander\AppData\Roaming\npm-cache\2captcha\0.0.1\package.tgz
13 verbose folder .
14 info prepublish 2captcha@0.0.1
15 silly lockFile 1f1177db-tar tar://.
16 verbose lock tar://. C:\Users\Sander\AppData\Roaming\npm-cache\1f1177db-tar.lock
17 silly lockFile 114fbd8d-cache-2captcha-0-0-1-package-tgz tar://C:\Users\Sander\AppData\Roaming\npm-cache\2captcha\0.0.1\package.tgz
18 verbose lock tar://C:\Users\Sander\AppData\Roaming\npm-cache\2captcha\0.0.1\package.tgz C:\Users\Sander\AppData\Roaming\npm-cache\114fbd8d-cache-2captcha-0-0-1-package-tgz.lock
19 silly lockFile 1f1177db-tar tar://.
20 silly lockFile 1f1177db-tar tar://.
21 silly lockFile 114fbd8d-cache-2captcha-0-0-1-package-tgz tar://C:\Users\Sander\AppData\Roaming\npm-cache\2captcha\0.0.1\package.tgz
22 silly lockFile 114fbd8d-cache-2captcha-0-0-1-package-tgz tar://C:\Users\Sander\AppData\Roaming\npm-cache\2captcha\0.0.1\package.tgz
23 silly lockFile fb47a824-npm-cache-2captcha-0-0-1-package C:\Users\Sander\AppData\Roaming\npm-cache\2captcha\0.0.1\package
24 verbose lock C:\Users\Sander\AppData\Roaming\npm-cache\2captcha\0.0.1\package C:\Users\Sander\AppData\Roaming\npm-cache\fb47a824-npm-cache-2captcha-0-0-1-package.lock
25 silly lockFile fb47a824-npm-cache-2captcha-0-0-1-package C:\Users\Sander\AppData\Roaming\npm-cache\2captcha\0.0.1\package
26 silly lockFile fb47a824-npm-cache-2captcha-0-0-1-package C:\Users\Sander\AppData\Roaming\npm-cache\2captcha\0.0.1\package
27 silly lockFile 3a52ce78- .
28 silly lockFile 3a52ce78- .
29 silly publish { name: '2captcha',
29 silly publish   version: '0.0.1',
29 silly publish   description: 'A wrapper for the 2Captcha API',
29 silly publish   main: 'index.js',
29 silly publish   scripts: { test: 'echo "Error: no test specified" && exit 1' },
29 silly publish   keywords: [ 'captcha' ],
29 silly publish   author: { name: 'Sander Kastelein' },
29 silly publish   license: 'MIT',
29 silly publish   repository:
29 silly publish    { type: 'git',
29 silly publish      url: 'https://github.com/Sander-Kastelein/2captcha.git' },
29 silly publish   gitHead: 'f197aaf6bddd74c0ecef5afb985b4e190b815cfc',
29 silly publish   bugs: { url: 'https://github.com/Sander-Kastelein/2captcha/issues' },
29 silly publish   readme: 'ERROR: No README data found!',
29 silly publish   homepage: 'https://github.com/Sander-Kastelein/2captcha',
29 silly publish   _id: '2captcha@0.0.1',
29 silly publish   _shasum: '8a893fff475f3c532bf5ddf5e6d79f84dd66644d',
29 silly publish   _from: '.' }
30 error need auth auth and email required for publishing
30 error need auth You need to authorize this machine using `npm adduser`
31 error System Windows_NT 6.2.9200
32 error command "C:\\Program Files\\nodejs\\\\node.exe" "C:\\Program Files\\nodejs\\node_modules\\npm\\bin\\npm-cli.js" "publish"
33 error cwd C:\Users\Sander\Documents\projects\2captcha
34 error node -v v0.10.36
35 error npm -v 1.4.28
36 error code ENEEDAUTH
37 verbose exit [ 1, true ]
